epoch,accuracy,loss,val_accuracy,val_loss
0,0.4860219657421112,1.630491018295288,0.4399999976158142,1.8319520950317383
1,0.6652307510375977,1.1176692247390747,0.5604000091552734,1.5672560930252075
2,0.7271867990493774,0.9446367025375366,0.6247000098228455,1.3622380495071411
3,0.7690329551696777,0.8215681910514832,0.6592000126838684,1.2363016605377197
4,0.8023516535758972,0.7277569770812988,0.6546000242233276,1.3086603879928589
5,0.8285274505615234,0.6565166115760803,0.5964000225067139,1.5256763696670532
6,0.8479560613632202,0.5941241979598999,0.6359000205993652,1.5259116888046265
7,0.8670769333839417,0.54173344373703,0.5388000011444092,2.0312554836273193
8,0.8840000033378601,0.493251770734787,0.5777000188827515,1.7846704721450806
9,0.8972527384757996,0.45710307359695435,0.6510000228881836,1.48764169216156
10,0.907076895236969,0.42374807596206665,0.5932000279426575,1.6792488098144531
11,0.9188351631164551,0.3907366096973419,0.630299985408783,1.6201540231704712
12,0.9271867871284485,0.37132787704467773,0.6987000107765198,1.3231287002563477
13,0.9372527599334717,0.34492409229278564,0.640500009059906,1.6614922285079956
14,0.9430109858512878,0.32765841484069824,0.578499972820282,2.2401137351989746
15,0.9471209049224854,0.3146670460700989,0.6402999758720398,1.785207986831665
16,0.9519121050834656,0.30372485518455505,0.6762999892234802,1.4237545728683472
17,0.9556043744087219,0.29741182923316956,0.6984999775886536,1.524045467376709
18,0.9557142853736877,0.2940884530544281,0.49880000948905945,3.2623414993286133
19,0.9574065804481506,0.28948652744293213,0.6481000185012817,1.9833614826202393
20,0.9624835252761841,0.2775448262691498,0.6585000157356262,2.0365710258483887
21,0.9660219550132751,0.2690136432647705,0.5800999999046326,3.3061647415161133
22,0.9645494222640991,0.2744421064853668,0.6008999943733215,2.505406141281128
23,0.9627472758293152,0.27605390548706055,0.6843000054359436,1.7861406803131104
24,0.967362642288208,0.2646069824695587,0.6883999705314636,1.7739750146865845
25,0.967846155166626,0.2654496133327484,0.6226999759674072,2.251779794692993
26,0.967846155166626,0.2648738920688629,0.6460999846458435,2.030867576599121
27,0.9703516364097595,0.26132968068122864,0.7132999897003174,1.4767577648162842
28,0.9693846106529236,0.26317933201789856,0.6570000052452087,2.228691577911377
29,0.9708351492881775,0.2589056193828583,0.6126000285148621,2.6228365898132324
30,0.9695824384689331,0.2650197744369507,0.6029999852180481,2.780301332473755
31,0.9724615216255188,0.25704044103622437,0.6847000122070312,2.1030502319335938
32,0.9712527394294739,0.2620098888874054,0.7109000086784363,1.7364630699157715
33,0.9719560146331787,0.2588095963001251,0.6572999954223633,2.0694937705993652
34,0.9735604524612427,0.2548633813858032,0.6780999898910522,2.1634507179260254
35,0.9755164980888367,0.24720337986946106,0.6717000007629395,2.2760322093963623
36,0.9670549631118774,0.27001872658729553,0.6601999998092651,2.4830899238586426
37,0.9738901257514954,0.2531820237636566,0.6388000249862671,2.5517711639404297
38,0.9770988821983337,0.24635890126228333,0.6323999762535095,2.3599045276641846
39,0.971758246421814,0.26044702529907227,0.6840999722480774,2.1449012756347656
40,0.9758021831512451,0.2502956986427307,0.7081999778747559,1.9944514036178589
41,0.9759120941162109,0.24897591769695282,0.6693999767303467,2.7604737281799316
42,0.9732087850570679,0.2545176148414612,0.6923999786376953,1.8795759677886963
43,0.9759560227394104,0.2505497634410858,0.6452000141143799,2.4070799350738525
44,0.9752307534217834,0.25120484828948975,0.6934000253677368,2.2487246990203857
45,0.9773187041282654,0.24547265470027924,0.7184000015258789,1.838437557220459
46,0.9746153950691223,0.2541535794734955,0.652400016784668,2.4627184867858887
47,0.977890133857727,0.24425974488258362,0.7203999757766724,1.7132107019424438
48,0.9768351912498474,0.24592861533164978,0.6654000282287598,2.4825778007507324
49,0.9742417335510254,0.25619128346443176,0.6547999978065491,2.1770057678222656
50,0.9790549278259277,0.2414824664592743,0.6194000244140625,2.902799367904663
51,0.9781978130340576,0.2426433563232422,0.6629999876022339,2.4686317443847656
52,0.9766812920570374,0.2480551153421402,0.5963000059127808,2.9981486797332764
53,0.977494478225708,0.24486930668354034,0.6758999824523926,2.398169994354248
54,0.9776043891906738,0.2453426569700241,0.7190999984741211,1.7780370712280273
55,0.977626383304596,0.24533838033676147,0.7059999704360962,1.9285531044006348
56,0.978725254535675,0.24327173829078674,0.7218999862670898,1.7134926319122314
57,0.9795604348182678,0.23926813900470734,0.6757000088691711,2.2367517948150635
58,0.9740878939628601,0.253673255443573,0.6287000179290771,2.9149725437164307
59,0.9793626666069031,0.24155426025390625,0.6758999824523926,2.2496681213378906
60,0.9787692427635193,0.24206548929214478,0.6890000104904175,1.9858386516571045
61,0.9795824289321899,0.2400084137916565,0.6502000093460083,3.0186374187469482
62,0.9769890308380127,0.24696055054664612,0.6589999794960022,3.0539159774780273
63,0.9787692427635193,0.24211688339710236,0.6801000237464905,2.386683702468872
64,0.9801977872848511,0.23711879551410675,0.6740999817848206,2.3897581100463867
65,0.9750329852104187,0.25209861993789673,0.7092999815940857,2.059621572494507
66,0.981164813041687,0.23395726084709167,0.7139999866485596,1.776597261428833
67,0.9774285554885864,0.2453957051038742,0.6668000221252441,2.8777382373809814
68,0.9814725518226624,0.23418447375297546,0.6901000142097473,2.2235217094421387
69,0.9794945120811462,0.23736195266246796,0.6539999842643738,2.4880027770996094
70,0.97701096534729,0.244508758187294,0.7353000044822693,1.7573556900024414
71,0.9782637357711792,0.24220333993434906,0.6783000230789185,2.149411201477051
72,0.9809670448303223,0.2361949235200882,0.6563000082969666,2.5838773250579834
73,0.9797142744064331,0.23815268278121948,0.6481000185012817,2.6048173904418945
74,0.9795165061950684,0.23927468061447144,0.6909999847412109,2.0482583045959473
75,0.9806593656539917,0.23358061909675598,0.6848999857902527,2.1654419898986816
76,0.9803736209869385,0.23349905014038086,0.6485999822616577,2.762030601501465
77,0.9800219535827637,0.23539021611213684,0.715399980545044,1.8692030906677246
78,0.9796263575553894,0.23590627312660217,0.7228999733924866,2.0156989097595215
79,0.9776703119277954,0.24175281822681427,0.6832000017166138,2.725616216659546
80,0.9809890389442444,0.23140114545822144,0.6895999908447266,2.0917751789093018
81,0.9934065937995911,0.19801738858222961,0.7620999813079834,1.5586398839950562
82,0.9991868138313293,0.1831706315279007,0.7656999826431274,1.5390286445617676
83,0.9997362494468689,0.17997902631759644,0.765999972820282,1.5525250434875488
84,0.9998461604118347,0.17761780321598053,0.7652000188827515,1.5829218626022339
85,0.9999340772628784,0.17532625794410706,0.7656000256538391,1.5950300693511963
86,0.9998461604118347,0.1733543425798416,0.7663000226020813,1.5809658765792847
87,0.9999560713768005,0.1708640158176422,0.7667999863624573,1.6037319898605347
88,0.9999120831489563,0.16825516521930695,0.7681999802589417,1.6033140420913696
89,0.9999780058860779,0.16528195142745972,0.7663000226020813,1.6193596124649048
90,1.0,0.16202175617218018,0.76419997215271,1.6759073734283447
91,1.0,0.15833763778209686,0.7659000158309937,1.6374421119689941
92,1.0,0.15412113070487976,0.7667999863624573,1.6445220708847046
93,1.0,0.14953358471393585,0.7645000219345093,1.6968683004379272
94,1.0,0.14438076317310333,0.7645999789237976,1.6790709495544434
95,0.9999560713768005,0.1391826719045639,0.7688000202178955,1.6906472444534302
96,0.9999560713768005,0.13349410891532898,0.7646999955177307,1.6991097927093506
97,0.9999560713768005,0.12798677384853363,0.7555999755859375,1.8861011266708374
98,0.9995824098587036,0.1240476667881012,0.7440999746322632,2.0094335079193115
99,0.9997143149375916,0.12080255150794983,0.7577000260353088,1.7693355083465576
100,0.9998900890350342,0.11735906451940536,0.7572000026702881,1.8737857341766357
101,0.9999340772628784,0.1144295185804367,0.7620000243186951,1.8297418355941772
102,0.9998900890350342,0.11153461784124374,0.7560999989509583,1.837660551071167
103,0.9999560713768005,0.1086207926273346,0.761900007724762,1.8580081462860107
104,1.0,0.10527871549129486,0.7642999887466431,1.8182330131530762
105,0.9999780058860779,0.10193582624197006,0.7605000138282776,1.7590528726577759
106,0.9994065761566162,0.1007905974984169,0.75,1.8605945110321045
107,0.9990769028663635,0.10038851201534271,0.7576000094413757,1.854932427406311
108,0.9997802376747131,0.09669798612594604,0.758400022983551,1.892045497894287
109,0.9999120831489563,0.09507181495428085,0.7633000016212463,1.8086622953414917
110,0.9999780058860779,0.0934007465839386,0.762499988079071,1.8107863664627075
111,0.9999120831489563,0.09190703183412552,0.7585999965667725,1.8225427865982056
112,0.9996483325958252,0.09153328090906143,0.7634999752044678,1.7525111436843872
113,0.9996044039726257,0.09047818183898926,0.7603999972343445,1.7677148580551147
114,0.9999560713768005,0.08815070986747742,0.7609000205993652,1.8947361707687378
115,0.9999560713768005,0.08653265237808228,0.7480000257492065,2.139768123626709
116,0.9999120831489563,0.0853094607591629,0.7627000212669373,1.8490158319473267
117,1.0,0.08335532248020172,0.7627999782562256,1.9016661643981934
118,1.0,0.08173065632581711,0.758899986743927,1.9446349143981934
119,0.9997143149375916,0.08126792311668396,0.7461000084877014,2.0592920780181885
120,0.9994505643844604,0.08093671500682831,0.745199978351593,2.0060408115386963
121,0.9995824098587036,0.07976200431585312,0.7635999917984009,1.8735681772232056
122,0.9999340772628784,0.07866087555885315,0.7634000182151794,1.8782992362976074
123,0.9999560713768005,0.07837294787168503,0.76419997215271,1.8563752174377441
124,0.9999560713768005,0.07828537374734879,0.7634000182151794,1.8596216440200806
125,1.0,0.07792165130376816,0.7628999948501587,1.8497238159179688
126,1.0,0.07776640355587006,0.7634999752044678,1.8503323793411255
127,1.0,0.07755640149116516,0.7627999782562256,1.857558250427246
128,1.0,0.07730923593044281,0.7628999948501587,1.8584105968475342
129,0.9999780058860779,0.07713249325752258,0.7634000182151794,1.8815826177597046
130,1.0,0.0768088698387146,0.763700008392334,1.862392544746399
131,1.0,0.07654783874750137,0.76419997215271,1.8543144464492798
132,1.0,0.07619830965995789,0.7641000151634216,1.8627841472625732
133,1.0,0.07585452497005463,0.7652000188827515,1.8430414199829102
134,1.0,0.0754127949476242,0.7634000182151794,1.8558343648910522
135,1.0,0.07499337196350098,0.7639999985694885,1.8536814451217651
136,1.0,0.07449659705162048,0.7631999850273132,1.8531858921051025
137,1.0,0.07399599999189377,0.7645999789237976,1.861870527267456
138,1.0,0.07348533719778061,0.7656000256538391,1.8465925455093384
139,1.0,0.07289659976959229,0.7648000121116638,1.863275170326233
140,1.0,0.07231708616018295,0.7656999826431274,1.8668644428253174
141,1.0,0.07174252718687057,0.765999972820282,1.8684394359588623
142,1.0,0.07111326605081558,0.7644000053405762,1.8567626476287842
143,0.9999780058860779,0.07057368010282516,0.7663000226020813,1.8430291414260864
144,1.0,0.07003647834062576,0.7656000256538391,1.8719381093978882
145,1.0,0.06951232254505157,0.7651000022888184,1.8749464750289917
146,1.0,0.06898089498281479,0.7657999992370605,1.8655472993850708
147,1.0,0.06841395795345306,0.7644000053405762,1.8754215240478516
148,0.9999780058860779,0.06793799251317978,0.7656000256538391,1.8901872634887695
149,1.0,0.06741148978471756,0.7657999992370605,1.8892381191253662
150,1.0,0.06690724939107895,0.7644000053405762,1.881960391998291
151,1.0,0.06636475771665573,0.7646999955177307,1.8936476707458496
152,1.0,0.06577567756175995,0.7646999955177307,1.8778972625732422
153,1.0,0.06514283269643784,0.7652999758720398,1.8949406147003174
154,0.9999780058860779,0.06447142362594604,0.7645000219345093,1.8764187097549438
155,1.0,0.06389785557985306,0.7649999856948853,1.8890355825424194
156,1.0,0.06345034390687943,0.7646999955177307,1.878778100013733
157,1.0,0.06295515596866608,0.7642999887466431,1.8869891166687012
158,1.0,0.0624355748295784,0.7631000280380249,1.894107460975647
159,1.0,0.06184215098619461,0.76419997215271,1.87784743309021
160,1.0,0.06119082495570183,0.7638999819755554,1.8864359855651855
161,1.0,0.06082931533455849,0.7639999985694885,1.9071913957595825
162,1.0,0.060758087784051895,0.7645000219345093,1.9000972509384155
163,1.0,0.06069369241595268,0.7639999985694885,1.9130347967147827
164,1.0,0.06061156466603279,0.7641000151634216,1.908123254776001
165,1.0,0.06056958809494972,0.7641000151634216,1.900652289390564
166,1.0,0.06049535796046257,0.7639999985694885,1.90249764919281
167,1.0,0.06043500080704689,0.7644000053405762,1.9021079540252686
168,1.0,0.06036529317498207,0.7649999856948853,1.9054300785064697
169,1.0,0.06027139723300934,0.7641000151634216,1.9040064811706543
170,1.0,0.060222022235393524,0.76419997215271,1.911864995956421
171,1.0,0.060141805559396744,0.76419997215271,1.911088466644287
172,1.0,0.0600719228386879,0.7639999985694885,1.9083049297332764
173,1.0,0.06000823527574539,0.7644000053405762,1.9067120552062988
174,1.0,0.05992702767252922,0.7639999985694885,1.9055275917053223
175,1.0,0.05986253544688225,0.7641000151634216,1.9080626964569092
176,1.0,0.05978038161993027,0.7645999789237976,1.9075076580047607
177,1.0,0.05971254035830498,0.7634999752044678,1.9068336486816406
178,1.0,0.059631019830703735,0.7645999789237976,1.9054573774337769
179,1.0,0.05954572558403015,0.76419997215271,1.9095970392227173
180,1.0,0.059451814740896225,0.7641000151634216,1.9139052629470825
181,1.0,0.05937866121530533,0.763700008392334,1.9131884574890137
182,1.0,0.059324197471141815,0.7638000249862671,1.917676568031311
183,1.0,0.059281546622514725,0.7639999985694885,1.912704348564148
184,1.0,0.05923331156373024,0.7642999887466431,1.9099236726760864
185,1.0,0.05918357893824577,0.7644000053405762,1.907690405845642
186,1.0,0.05913783609867096,0.7641000151634216,1.9139893054962158
187,1.0,0.059073857963085175,0.7645000219345093,1.9118233919143677
188,1.0,0.05902053043246269,0.7642999887466431,1.91273832321167
189,1.0,0.058983419090509415,0.763700008392334,1.9129828214645386
190,1.0,0.05892761051654816,0.763700008392334,1.9151824712753296
191,1.0,0.058893170207738876,0.7633000016212463,1.917110800743103
192,1.0,0.05887432023882866,0.7645000219345093,1.9130727052688599
193,1.0,0.05882224440574646,0.7641000151634216,1.9118545055389404
194,1.0,0.05878666415810585,0.763700008392334,1.9166467189788818
195,1.0,0.05874894931912422,0.7638000249862671,1.917696475982666
196,1.0,0.05870385095477104,0.7638000249862671,1.9123623371124268
197,1.0,0.05865717679262161,0.7641000151634216,1.912875771522522
198,1.0,0.058624688535928726,0.7638000249862671,1.913343906402588
199,1.0,0.058581285178661346,0.7641000151634216,1.9121744632720947
